#
# A fatal error has been detected by the Java Runtime Environment:
#
#  EXCEPTION_ACCESS_VIOLATION (0xc0000005) at pc=0x52f38d5a, pid=4900, tid=11260
#
# JRE version: Java(TM) SE Runtime Environment (8.0_66-b17) (build 1.8.0_66-b17)
# Java VM: Java HotSpot(TM) Client VM (25.66-b17 mixed mode windows-x86 )
# Problematic frame:
# C  [awt.dll+0x78d5a]
#
# Failed to write core dump. Minidumps are not enabled by default on client versions of Windows
#
# If you would like to submit a bug report, please visit:
#   http://bugreport.java.com/bugreport/crash.jsp
# The crash happened outside the Java Virtual Machine in native code.
# See problematic frame for where to report the bug.
#

---------------  T H R E A D  ---------------

Current thread (0x25787400):  JavaThread "AWT-Windows" daemon [_thread_in_native, id=11260, stack(0x25ca0000,0x25cf0000)]

siginfo: ExceptionCode=0xc0000005, reading address 0xa8f8bf75

Registers:
EAX=0xa8f8bf75, EBX=0x0000a220, ECX=0x52ed16d5, EDX=0x0025d000
ESP=0x25ceeba0, EBP=0x25ceec04, ESI=0x27028fe0, EDI=0x0000010e
EIP=0x52f38d5a, EFLAGS=0x00010282

Top of Stack: (sp=0x25ceeba0)
0x25ceeba0:   52f3a772 0000a220 00000000 00000000
0x25ceebb0:   0729c785 00000112 27028fe0 0000a220
0x25ceebc0:   027e325f 25787540 27029038 00000003
0x25ceebd0:   00000000 00000001 00000001 00000000
0x25ceebe0:   00000000 25ceec18 24e633d8 00000000
0x25ceebf0:   24e63030 0729c785 25ceecac 52f75cac
0x25ceec00:   00000001 25ceec68 52f6c144 00000111
0x25ceec10:   0000a220 00000000 52f37f48 27028fe0 

Instructions: (pc=0x52f38d5a)
0x52f38d3a:   14 00 83 7c 24 08 00 75 20 ff 74 24 04 b9 b8 e4
0x52f38d4a:   fb 52 e8 ef b5 02 00 85 c0 75 05 6a 02 58 eb 28
0x52f38d5a:   8b 10 8b c8 ff 52 08 eb f2 ff 74 24 08 e8 7a f1
0x52f38d6a:   ff ff 59 85 c0 74 0e ff 74 24 0c 8b 10 8b c8 ff 


Register to memory mapping:

EAX=0xa8f8bf75 is an unknown value
EBX=0x0000a220 is an unknown value
ECX=0x52ed16d5 is an unknown value
EDX=0x0025d000 is an unknown value
ESP=0x25ceeba0 is pointing into the stack for thread: 0x25787400
EBP=0x25ceec04 is pointing into the stack for thread: 0x25787400
ESI=0x27028fe0 is an unknown value
EDI=0x0000010e is an unknown value


Stack: [0x25ca0000,0x25cf0000],  sp=0x25ceeba0,  free space=314k
Native frames: (J=compiled Java code, j=interpreted, Vv=VM code, C=native code)
C  [awt.dll+0x78d5a]
C  [awt.dll+0xac144]
C  [awt.dll+0x89161]
C  [awt.dll+0x77f90]
C  [USER32.dll+0x384f3]
C  [USER32.dll+0x16c40]
C  [USER32.dll+0x169d7]
C  [awt.dll+0x117ff]
C  [COMCTL32.dll+0x99d38]
C  [COMCTL32.dll+0x99ae1]
C  [USER32.dll+0x384f3]
C  [USER32.dll+0x16c40]
C  [USER32.dll+0x169d7]
C  [tv_w32.dll+0xc0fc]
C  [USER32.dll+0x384f3]
C  [USER32.dll+0x16c40]
C  [USER32.dll+0x16541]
C  [USER32.dll+0x16300]
C  [awt.dll+0xa6844]

Java frames: (J=compiled Java code, j=interpreted, Vv=VM code)
j  sun.awt.windows.WToolkit.eventLoop()V+0
j  sun.awt.windows.WToolkit.run()V+58
j  java.lang.Thread.run()V+11
v  ~StubRoutines::call_stub

---------------  P R O C E S S  ---------------

Java Threads: ( => current thread )
  0x271fc400 JavaThread "Thread-83450" daemon [_thread_in_native, id=10968, stack(0x006e0000,0x00730000)]
  0x271ff000 JavaThread "EventThread COM4" [_thread_in_native, id=11596, stack(0x25df0000,0x25e40000)]
  0x27201400 JavaThread "DestroyJavaVM" [_thread_blocked, id=12248, stack(0x02150000,0x021a0000)]
  0x25992c00 JavaThread "AWT-EventQueue-0" [_thread_in_native, id=9868, stack(0x28050000,0x280a0000)]
  0x25990c00 JavaThread "AWT-Shutdown" [_thread_blocked, id=9160, stack(0x27fc0000,0x28010000)]
  0x25990000 JavaThread "TimerQueue" daemon [_thread_blocked, id=11144, stack(0x27d30000,0x27d80000)]
  0x2598f800 JavaThread "JmDNS(ASUS-X554L.local.).Timer" daemon [_thread_blocked, id=5732, stack(0x26b10000,0x26b60000)]
  0x25991800 JavaThread "JmDNS(ASUS-X554L.local.).State.Timer" [_thread_blocked, id=11592, stack(0x26a80000,0x26ad0000)]
  0x25992400 JavaThread "JmDNS(ASUS-X554L.local.).Timer" daemon [_thread_blocked, id=10900, stack(0x269f0000,0x26a40000)]
  0x25991c00 JavaThread "SocketListener(ASUS-X554L.local.)" daemon [_thread_in_native, id=3332, stack(0x26960000,0x269b0000)]
  0x25986400 JavaThread "JmDNS(ASUS-X554L.local.).Timer" daemon [_thread_blocked, id=7456, stack(0x26890000,0x268e0000)]
  0x25985c00 JavaThread "JmDNS(ASUS-X554L.local.).State.Timer" [_thread_blocked, id=11448, stack(0x26800000,0x26850000)]
  0x25985800 JavaThread "JmDNS(ASUS-X554L.local.).Timer" daemon [_thread_blocked, id=11128, stack(0x26770000,0x267c0000)]
  0x25985000 JavaThread "SocketListener(ASUS-X554L.local.)" daemon [_thread_in_native, id=2340, stack(0x266e0000,0x26730000)]
  0x2593c400 JavaThread "cc.arduino.packages.discoverers.network.BoardReachabilityFilter" [_thread_blocked, id=8216, stack(0x26410000,0x26460000)]
  0x25935800 JavaThread "cc.arduino.packages.discoverers.network.NetworkChecker" [_thread_blocked, id=11916, stack(0x26380000,0x263d0000)]
  0x25895000 JavaThread "cc.arduino.packages.discoverers.serial.SerialBoardsLister" [_thread_in_native, id=9336, stack(0x262f0000,0x26340000)]
=>0x25787400 JavaThread "AWT-Windows" daemon [_thread_in_native, id=11260, stack(0x25ca0000,0x25cf0000)]
  0x25785000 JavaThread "Java2D Disposer" daemon [_thread_blocked, id=4428, stack(0x25b80000,0x25bd0000)]
  0x24f44c00 JavaThread "Service Thread" daemon [_thread_blocked, id=6808, stack(0x253f0000,0x25440000)]
  0x24f3e400 JavaThread "C1 CompilerThread0" daemon [_thread_blocked, id=9240, stack(0x25360000,0x253b0000)]
  0x24f3d000 JavaThread "Attach Listener" daemon [_thread_blocked, id=6592, stack(0x252d0000,0x25320000)]
  0x24f39000 JavaThread "Signal Dispatcher" daemon [_thread_blocked, id=6772, stack(0x25240000,0x25290000)]
  0x24f17400 JavaThread "Finalizer" daemon [_thread_blocked, id=10092, stack(0x25150000,0x251a0000)]
  0x24f12400 JavaThread "Reference Handler" daemon [_thread_blocked, id=10176, stack(0x049a0000,0x049f0000)]

Other Threads:
  0x00aac400 VMThread [stack: 0x022d0000,0x02320000] [id=2388]
  0x24fed800 WatcherThread [stack: 0x25480000,0x254d0000] [id=6460]

VM state:not at safepoint (normal execution)

VM Mutex/Monitor currently owned by a thread: None

Heap:
 def new generation   total 42624K, used 31322K [0x04a00000, 0x07840000, 0x0f4a0000)
  eden space 37888K,  80% used [0x04a00000, 0x067cf718, 0x06f00000)
  from space 4736K,  16% used [0x073a0000, 0x07467238, 0x07840000)
  to   space 4736K,   0% used [0x06f00000, 0x06f00000, 0x073a0000)
 tenured generation   total 94600K, used 61689K [0x0f4a0000, 0x15102000, 0x24a00000)
   the space 94600K,  65% used [0x0f4a0000, 0x130de768, 0x130de800, 0x15102000)
 Metaspace       used 16716K, capacity 17202K, committed 17536K, reserved 17792K

Card table byte_map: [0x04850000,0x04960000] byte_map_base: 0x0482b000

Polling page: 0x006c0000

CodeCache: size=32768Kb used=1688Kb max_used=3457Kb free=31079Kb
 bounds [0x027d0000, 0x02b38000, 0x047d0000]
 total_blobs=1044 nmethods=777 adapters=195
 compilation: enabled

Compilation events (10 events):
Event: 251341.715 Thread 0x24f3e400 482849  s!         javax.swing.text.AbstractDocument::readLock (50 bytes)
Event: 251341.715 Thread 0x24f3e400 nmethod 482849 0x028b2bc8 code [0x028b2ce0, 0x028b2fd8]
Event: 251341.791 Thread 0x24f3e400 482850             sun.font.Font2D::getStrike (177 bytes)
Event: 251341.794 Thread 0x24f3e400 nmethod 482850 0x028f1808 code [0x028f19e0, 0x028f2014]
Event: 251341.803 Thread 0x24f3e400 482851             javax.swing.text.AbstractDocument::getProperty (9 bytes)
Event: 251341.804 Thread 0x24f3e400 nmethod 482851 0x02876a48 code [0x02876b70, 0x02876c98]
Event: 251341.804 Thread 0x24f3e400 482852             javax.swing.text.AbstractDocument::getDocumentProperties (24 bytes)
Event: 251341.804 Thread 0x24f3e400 nmethod 482852 0x028f1548 code [0x028f1660, 0x028f176c]
Event: 251342.404 Thread 0x24f3e400 482853             java.util.PriorityQueue::siftUpComparable (61 bytes)
Event: 251342.404 Thread 0x24f3e400 nmethod 482853 0x0298e488 code [0x0298e5b0, 0x0298e81c]

GC Heap History (10 events):
Event: 250718.008 GC heap before
{Heap before GC invocations=8001 (full 5):
 def new generation   total 42624K, used 39215K [0x04a00000, 0x07840000, 0x0f4a0000)
  eden space 37888K, 100% used [0x04a00000, 0x06f00000, 0x06f00000)
  from space 4736K,  28% used [0x06f00000, 0x0704bcc8, 0x073a0000)
  to   space 4736K,   0% used [0x073a0000, 0x073a0000, 0x07840000)
 tenured generation   total 94600K, used 61576K [0x0f4a0000, 0x15102000, 0x24a00000)
   the space 94600K,  65% used [0x0f4a0000, 0x130c2198, 0x130c2200, 0x15102000)
 Metaspace       used 16716K, capacity 17202K, committed 17536K, reserved 17792K
Event: 250718.012 GC heap after
Heap after GC invocations=8002 (full 5):
 def new generation   total 42624K, used 783K [0x04a00000, 0x07840000, 0x0f4a0000)
  eden space 37888K,   0% used [0x04a00000, 0x04a00000, 0x06f00000)
  from space 4736K,  16% used [0x073a0000, 0x07463c80, 0x07840000)
  to   space 4736K,   0% used [0x06f00000, 0x06f00000, 0x073a0000)
 tenured generation   total 94600K, used 61596K [0x0f4a0000, 0x15102000, 0x24a00000)
   the space 94600K,  65% used [0x0f4a0000, 0x130c7358, 0x130c7400, 0x15102000)
 Metaspace       used 16716K, capacity 17202K, committed 17536K, reserved 17792K
}
Event: 250836.726 GC heap before
{Heap before GC invocations=8002 (full 5):
 def new generation   total 42624K, used 38002K [0x04a00000, 0x07840000, 0x0f4a0000)
  eden space 37888K,  98% used [0x04a00000, 0x06e58c70, 0x06f00000)
  from space 4736K,  16% used [0x073a0000, 0x07463c80, 0x07840000)
  to   space 4736K,   0% used [0x06f00000, 0x06f00000, 0x073a0000)
 tenured generation   total 94600K, used 61596K [0x0f4a0000, 0x15102000, 0x24a00000)
   the space 94600K,  65% used [0x0f4a0000, 0x130c7358, 0x130c7400, 0x15102000)
 Metaspace       used 16716K, capacity 17202K, committed 17536K, reserved 17792K
Event: 250836.729 GC heap after
Heap after GC invocations=8003 (full 5):
 def new generation   total 42624K, used 695K [0x04a00000, 0x07840000, 0x0f4a0000)
  eden space 37888K,   0% used [0x04a00000, 0x04a00000, 0x06f00000)
  from space 4736K,  14% used [0x06f00000, 0x06fadf98, 0x073a0000)
  to   space 4736K,   0% used [0x073a0000, 0x073a0000, 0x07840000)
 tenured generation   total 94600K, used 61620K [0x0f4a0000, 0x15102000, 0x24a00000)
   the space 94600K,  65% used [0x0f4a0000, 0x130cd298, 0x130cd400, 0x15102000)
 Metaspace       used 16716K, capacity 17202K, committed 17536K, reserved 17792K
}
Event: 250961.951 GC heap before
{Heap before GC invocations=8003 (full 5):
 def new generation   total 42624K, used 38583K [0x04a00000, 0x07840000, 0x0f4a0000)
  eden space 37888K, 100% used [0x04a00000, 0x06f00000, 0x06f00000)
  from space 4736K,  14% used [0x06f00000, 0x06fadf98, 0x073a0000)
  to   space 4736K,   0% used [0x073a0000, 0x073a0000, 0x07840000)
 tenured generation   total 94600K, used 61620K [0x0f4a0000, 0x15102000, 0x24a00000)
   the space 94600K,  65% used [0x0f4a0000, 0x130cd298, 0x130cd400, 0x15102000)
 Metaspace       used 16716K, capacity 17202K, committed 17536K, reserved 17792K
Event: 250961.954 GC heap after
Heap after GC invocations=8004 (full 5):
 def new generation   total 42624K, used 1385K [0x04a00000, 0x07840000, 0x0f4a0000)
  eden space 37888K,   0% used [0x04a00000, 0x04a00000, 0x06f00000)
  from space 4736K,  29% used [0x073a0000, 0x074fa4e0, 0x07840000)
  to   space 4736K,   0% used [0x06f00000, 0x06f00000, 0x073a0000)
 tenured generation   total 94600K, used 61643K [0x0f4a0000, 0x15102000, 0x24a00000)
   the space 94600K,  65% used [0x0f4a0000, 0x130d2d78, 0x130d2e00, 0x15102000)
 Metaspace       used 16716K, capacity 17202K, committed 17536K, reserved 17792K
}
Event: 251090.927 GC heap before
{Heap before GC invocations=8004 (full 5):
 def new generation   total 42624K, used 39273K [0x04a00000, 0x07840000, 0x0f4a0000)
  eden space 37888K, 100% used [0x04a00000, 0x06f00000, 0x06f00000)
  from space 4736K,  29% used [0x073a0000, 0x074fa4e0, 0x07840000)
  to   space 4736K,   0% used [0x06f00000, 0x06f00000, 0x073a0000)
 tenured generation   total 94600K, used 61643K [0x0f4a0000, 0x15102000, 0x24a00000)
   the space 94600K,  65% used [0x0f4a0000, 0x130d2d78, 0x130d2e00, 0x15102000)
 Metaspace       used 16716K, capacity 17202K, committed 17536K, reserved 17792K
Event: 251090.934 GC heap after
Heap after GC invocations=8005 (full 5):
 def new generation   total 42624K, used 1388K [0x04a00000, 0x07840000, 0x0f4a0000)
  eden space 37888K,   0% used [0x04a00000, 0x04a00000, 0x06f00000)
  from space 4736K,  29% used [0x06f00000, 0x0705b010, 0x073a0000)
  to   space 4736K,   0% used [0x073a0000, 0x073a0000, 0x07840000)
 tenured generation   total 94600K, used 61663K [0x0f4a0000, 0x15102000, 0x24a00000)
   the space 94600K,  65% used [0x0f4a0000, 0x130d7f48, 0x130d8000, 0x15102000)
 Metaspace       used 16716K, capacity 17202K, committed 17536K, reserved 17792K
}
Event: 251239.240 GC heap before
{Heap before GC invocations=8005 (full 5):
 def new generation   total 42624K, used 38803K [0x04a00000, 0x07840000, 0x0f4a0000)
  eden space 37888K,  98% used [0x04a00000, 0x06e89cb0, 0x06f00000)
  from space 4736K,  29% used [0x06f00000, 0x0705b010, 0x073a0000)
  to   space 4736K,   0% used [0x073a0000, 0x073a0000, 0x07840000)
 tenured generation   total 94600K, used 61663K [0x0f4a0000, 0x15102000, 0x24a00000)
   the space 94600K,  65% used [0x0f4a0000, 0x130d7f48, 0x130d8000, 0x15102000)
 Metaspace       used 16716K, capacity 17202K, committed 17536K, reserved 17792K
Event: 251239.244 GC heap after
Heap after GC invocations=8006 (full 5):
 def new generation   total 42624K, used 796K [0x04a00000, 0x07840000, 0x0f4a0000)
  eden space 37888K,   0% used [0x04a00000, 0x04a00000, 0x06f00000)
  from space 4736K,  16% used [0x073a0000, 0x07467238, 0x07840000)
  to   space 4736K,   0% used [0x06f00000, 0x06f00000, 0x073a0000)
 tenured generation   total 94600K, used 61689K [0x0f4a0000, 0x15102000, 0x24a00000)
   the space 94600K,  65% used [0x0f4a0000, 0x130de768, 0x130de800, 0x15102000)
 Metaspace       used 16716K, capacity 17202K, committed 17536K, reserved 17792K
}

Deoptimization events (0 events):
No events

Internal exceptions (10 events):
Event: 1350.637 Thread 0x25992c00 Exception <a 'sun/nio/fs/WindowsException'> (0x05e41d10) thrown at [C:\re\workspace\8-2-build-windows-i586-cygwin\jdk8u66\4988\hotspot\src\share\vm\prims\jni.cpp, line 709]
Event: 1350.637 Thread 0x25992c00 Exception <a 'sun/nio/fs/WindowsException'> (0x05e42448) thrown at [C:\re\workspace\8-2-build-windows-i586-cygwin\jdk8u66\4988\hotspot\src\share\vm\prims\jni.cpp, line 709]
Event: 1350.638 Thread 0x25992c00 Exception <a 'sun/nio/fs/WindowsException'> (0x05e4bb18) thrown at [C:\re\workspace\8-2-build-windows-i586-cygwin\jdk8u66\4988\hotspot\src\share\vm\prims\jni.cpp, line 709]
Event: 1350.638 Thread 0x25992c00 Exception <a 'sun/nio/fs/WindowsException'> (0x05e4c228) thrown at [C:\re\workspace\8-2-build-windows-i586-cygwin\jdk8u66\4988\hotspot\src\share\vm\prims\jni.cpp, line 709]
Event: 1350.639 Thread 0x25992c00 Exception <a 'sun/nio/fs/WindowsException'> (0x05e55d38) thrown at [C:\re\workspace\8-2-build-windows-i586-cygwin\jdk8u66\4988\hotspot\src\share\vm\prims\jni.cpp, line 709]
Event: 1350.639 Thread 0x25992c00 Exception <a 'sun/nio/fs/WindowsException'> (0x05e564c0) thrown at [C:\re\workspace\8-2-build-windows-i586-cygwin\jdk8u66\4988\hotspot\src\share\vm\prims\jni.cpp, line 709]
Event: 1350.640 Thread 0x25992c00 Exception <a 'sun/nio/fs/WindowsException'> (0x05e5feb8) thrown at [C:\re\workspace\8-2-build-windows-i586-cygwin\jdk8u66\4988\hotspot\src\share\vm\prims\jni.cpp, line 709]
Event: 1350.640 Thread 0x25992c00 Exception <a 'sun/nio/fs/WindowsException'> (0x05e605c8) thrown at [C:\re\workspace\8-2-build-windows-i586-cygwin\jdk8u66\4988\hotspot\src\share\vm\prims\jni.cpp, line 709]
Event: 1350.640 Thread 0x25992c00 Exception <a 'sun/nio/fs/WindowsException'> (0x05e6a158) thrown at [C:\re\workspace\8-2-build-windows-i586-cygwin\jdk8u66\4988\hotspot\src\share\vm\prims\jni.cpp, line 709]
Event: 1350.640 Thread 0x25992c00 Exception <a 'sun/nio/fs/WindowsException'> (0x05e6a878) thrown at [C:\re\workspace\8-2-build-windows-i586-cygwin\jdk8u66\4988\hotspot\src\share\vm\prims\jni.cpp, line 709]

Events (10 events):
Event: 251340.050 Thread 0x27202800 Thread exited: 0x27202800
Event: 251340.052 Executing VM operation: BulkRevokeBias
Event: 251340.052 Executing VM operation: BulkRevokeBias done
Event: 251340.422 Thread 0x24f3e400 flushing nmethod 0x028f12c8
Event: 251340.422 Thread 0x24f3e400 flushing nmethod 0x028f5448
Event: 251340.422 Thread 0x24f3e400 flushing nmethod 0x02939588
Event: 251341.122 Thread 0x24f3e400 flushing nmethod 0x02876a88
Event: 251341.122 Thread 0x24f3e400 flushing nmethod 0x02889a48
Event: 251341.169 Thread 0x24f3e400 flushing nmethod 0x028c8208
Event: 251342.517 Thread 0x271fc400 Thread added: 0x271fc400


Dynamic libraries:
0x00970000 - 0x009a3000 	D:\Arduino\java\bin\javaw.exe
0x77e60000 - 0x77fdb000 	C:\WINDOWS\SYSTEM32\ntdll.dll
0x76be0000 - 0x76cc0000 	C:\WINDOWS\SYSTEM32\KERNEL32.DLL
0x76640000 - 0x767be000 	C:\WINDOWS\SYSTEM32\KERNELBASE.dll
0x76430000 - 0x764ab000 	C:\WINDOWS\SYSTEM32\ADVAPI32.dll
0x77550000 - 0x7760e000 	C:\WINDOWS\SYSTEM32\msvcrt.dll
0x76fa0000 - 0x76fe4000 	C:\WINDOWS\SYSTEM32\sechost.dll
0x76a40000 - 0x76aed000 	C:\WINDOWS\SYSTEM32\RPCRT4.dll
0x74b90000 - 0x74bae000 	C:\WINDOWS\SYSTEM32\SspiCli.dll
0x74b80000 - 0x74b8a000 	C:\WINDOWS\SYSTEM32\CRYPTBASE.dll
0x764b0000 - 0x76508000 	C:\WINDOWS\SYSTEM32\bcryptPrimitives.dll
0x76210000 - 0x76357000 	C:\WINDOWS\SYSTEM32\USER32.dll
0x77b50000 - 0x77c9f000 	C:\WINDOWS\SYSTEM32\GDI32.dll
0x72db0000 - 0x72fbf000 	C:\WINDOWS\WinSxS\x86_microsoft.windows.common-controls_6595b64144ccf1df_6.0.10586.0_none_d3c2e4e965da4528\COMCTL32.dll
0x77ca0000 - 0x77e5d000 	C:\WINDOWS\SYSTEM32\combase.dll
0x76360000 - 0x7638b000 	C:\WINDOWS\SYSTEM32\IMM32.DLL
0x533e0000 - 0x5349f000 	D:\Arduino\java\bin\msvcr100.dll
0x53010000 - 0x533d5000 	D:\Arduino\java\bin\client\jvm.dll
0x77460000 - 0x77466000 	C:\WINDOWS\SYSTEM32\PSAPI.DLL
0x744a0000 - 0x744a8000 	C:\WINDOWS\SYSTEM32\VERSION.dll
0x73de0000 - 0x73e04000 	C:\WINDOWS\SYSTEM32\WINMM.dll
0x73300000 - 0x73308000 	C:\WINDOWS\SYSTEM32\WSOCK32.dll
0x76ff0000 - 0x7704f000 	C:\WINDOWS\SYSTEM32\WS2_32.dll
0x73db0000 - 0x73dd3000 	C:\WINDOWS\SYSTEM32\WINMMBASE.dll
0x76600000 - 0x76637000 	C:\WINDOWS\SYSTEM32\cfgmgr32.dll
0x53500000 - 0x53531000 	D:\Arduino\java\bin\splashscreen.dll
0x73d30000 - 0x73da5000 	C:\WINDOWS\system32\uxtheme.dll
0x5c320000 - 0x5c32c000 	D:\Arduino\java\bin\verify.dll
0x534d0000 - 0x534f1000 	D:\Arduino\java\bin\java.dll
0x76e10000 - 0x76f2f000 	C:\WINDOWS\SYSTEM32\MSCTF.dll
0x73760000 - 0x737a1000 	C:\Program Files (x86)\TeamViewer\tv_w32.dll
0x74e10000 - 0x7620e000 	C:\WINDOWS\SYSTEM32\SHELL32.dll
0x77630000 - 0x77b2a000 	C:\WINDOWS\SYSTEM32\windows.storage.dll
0x76dc0000 - 0x76e05000 	C:\WINDOWS\SYSTEM32\shlwapi.dll
0x77b30000 - 0x77b3c000 	C:\WINDOWS\SYSTEM32\kernel.appcore.dll
0x77470000 - 0x774fd000 	C:\WINDOWS\SYSTEM32\shcore.dll
0x77500000 - 0x77544000 	C:\WINDOWS\SYSTEM32\powrprof.dll
0x76a30000 - 0x76a3f000 	C:\WINDOWS\SYSTEM32\profapi.dll
0x76af0000 - 0x76bdb000 	C:\WINDOWS\SYSTEM32\ole32.dll
0x5a3a0000 - 0x5a3b3000 	D:\Arduino\java\bin\zip.dll
0x76570000 - 0x765f4000 	C:\WINDOWS\SYSTEM32\clbcatq.dll
0x74300000 - 0x7444b000 	C:\WINDOWS\SYSTEM32\PROPSYS.dll
0x76390000 - 0x76422000 	C:\WINDOWS\SYSTEM32\OLEAUT32.dll
0x73d10000 - 0x73d2d000 	C:\WINDOWS\system32\dwmapi.dll
0x70ad0000 - 0x70bec000 	C:\WINDOWS\SYSTEM32\UIAutomationCore.DLL
0x74b50000 - 0x74b69000 	C:\WINDOWS\SYSTEM32\USERENV.dll
0x52ec0000 - 0x53005000 	D:\Arduino\java\bin\awt.dll
0x737f0000 - 0x73882000 	C:\WINDOWS\system32\apphelp.dll
0x52e80000 - 0x52eb9000 	D:\Arduino\java\bin\fontmanager.dll
0x52e60000 - 0x52e76000 	D:\Arduino\java\bin\net.dll
0x74a80000 - 0x74acf000 	C:\WINDOWS\system32\mswsock.dll
0x534c0000 - 0x534cf000 	D:\Arduino\java\bin\nio.dll
0x52e30000 - 0x52e60000 	D:\Arduino\java\bin\t2k.dll
0x74a50000 - 0x74a7f000 	C:\WINDOWS\SYSTEM32\IPHLPAPI.DLL
0x76cc0000 - 0x76cc7000 	C:\WINDOWS\SYSTEM32\NSI.dll
0x74130000 - 0x74143000 	C:\WINDOWS\SYSTEM32\dhcpcsvc6.DLL
0x74150000 - 0x74164000 	C:\WINDOWS\SYSTEM32\dhcpcsvc.DLL
0x741c0000 - 0x741d3000 	C:\WINDOWS\SYSTEM32\CRYPTSP.dll
0x74190000 - 0x741bf000 	C:\WINDOWS\system32\rsaenh.dll
0x74480000 - 0x7449b000 	C:\WINDOWS\SYSTEM32\bcrypt.dll
0x74270000 - 0x742f4000 	C:\WINDOWS\SYSTEM32\DNSAPI.dll
0x74210000 - 0x74218000 	C:\Windows\System32\rasadhlp.dll
0x74220000 - 0x74267000 	C:\WINDOWS\System32\fwpuclnt.dll
0x268e0000 - 0x2691d000 	C:\Users\Admin\AppData\Local\Temp\jna-63116079\jna8994543637711197228.dll
0x64000000 - 0x6401b000 	C:\Users\Admin\.jssc\windows\jSSC-2.8_x86.dll
0x52d50000 - 0x52db9000 	D:\Arduino\msvcp100.dll
0x52c90000 - 0x52d4e000 	D:\Arduino\msvcr100.dll
0x27a60000 - 0x27a92000 	D:\Arduino\lib\AStylej.dll
0x71fb0000 - 0x72123000 	C:\WINDOWS\SYSTEM32\WindowsCodecs.dll
0x73120000 - 0x73161000 	C:\WINDOWS\system32\dataexchange.dll
0x72b90000 - 0x72daa000 	C:\WINDOWS\system32\d3d11.dll
0x711d0000 - 0x71277000 	C:\WINDOWS\system32\dcomp.dll
0x72b00000 - 0x72b83000 	C:\WINDOWS\system32\dxgi.dll
0x71100000 - 0x711cd000 	C:\WINDOWS\system32\twinapi.appcore.dll
0x6c920000 - 0x6ca3e000 	C:\WINDOWS\system32\IME\IMETC\IMTCTIP.DLL
0x6c7b0000 - 0x6c917000 	C:\WINDOWS\SYSTEM32\DUI70.dll
0x6c6a0000 - 0x6c7ae000 	C:\Windows\SYSTEM32\IME\shared\imetip.dll
0x6ea90000 - 0x6eae4000 	C:\WINDOWS\SYSTEM32\OLEACC.dll
0x6c660000 - 0x6c696000 	C:\WINDOWS\system32\IME\IMETC\IMTCCFG.DLL
0x6c580000 - 0x6c65a000 	C:\WINDOWS\system32\IME\IMETC\IMTCCORE.DLL
0x6c560000 - 0x6c57d000 	C:\Windows\SYSTEM32\IME\shared\imecfm.dll
0x6d1a0000 - 0x6d227000 	C:\WINDOWS\SYSTEM32\wer.dll
0x6c3f0000 - 0x6c554000 	C:\Windows\SYSTEM32\IME\shared\mscand20.dll
0x73b50000 - 0x73b56000 	C:\WINDOWS\SYSTEM32\MSIMG32.dll
0x6c370000 - 0x6c3eb000 	C:\WINDOWS\SYSTEM32\DUser.dll
0x62f50000 - 0x62f92000 	C:\Windows\SYSTEM32\IME\SHARED\imelm.dll
0x73580000 - 0x736bf000 	C:\WINDOWS\SYSTEM32\dbghelp.dll

VM Arguments:
jvm_args: -Dsun.java2d.d3d=false -DAPP_DIR=D:\Arduino -Xms128M -Xmx512M 
java_command: processing.app.Base C:\Users\Admin\Documents\GitHub\Arduino_UART_for_Qt_GUI\UART_Command\Main\Main.ino
java_class_path (initial): D:\Arduino\lib\apple.jar;D:\Arduino\lib\arduino-core.jar;D:\Arduino\lib\bcpg-jdk15on-152.jar;D:\Arduino\lib\bcprov-jdk15on-152.jar;D:\Arduino\lib\commons-codec-1.7.jar;D:\Arduino\lib\commons-compress-1.8.jar;D:\Arduino\lib\commons-exec-1.1.jar;D:\Arduino\lib\commons-httpclient-3.1.jar;D:\Arduino\lib\commons-lang3-3.3.2.jar;D:\Arduino\lib\commons-logging-1.0.4.jar;D:\Arduino\lib\commons-net-3.3.jar;D:\Arduino\lib\ecj.jar;D:\Arduino\lib\jackson-annotations-2.6.3.jar;D:\Arduino\lib\jackson-core-2.6.3.jar;D:\Arduino\lib\jackson-databind-2.6.3.jar;D:\Arduino\lib\jackson-module-mrbean-2.6.3.jar;D:\Arduino\lib\java-semver-0.8.0.jar;D:\Arduino\lib\jmdns-3.4.1.jar;D:\Arduino\lib\jna-4.1.0.jar;D:\Arduino\lib\jna-platform-4.1.0.jar;D:\Arduino\lib\jsch-0.1.50.jar;D:\Arduino\lib\jssc-2.8.0.jar;D:\Arduino\lib\pde.jar;D:\Arduino\lib\rsyntaxtextarea-2.5.8.1+arduino.jar
Launcher Type: SUN_STANDARD

Environment Variables:
PATH=C:\Python27\;C:\Python27\Scripts;C:\Program Files\Broadcom\Broadcom 802.11 Network Adapter;;C:\Program Files (x86)\NVIDIA Corporation\PhysX\Common;C:\Program Files (x86)\Intel\iCLS Client\;C:\Program Files\Intel\iCLS Client\;C:\WINDOWS\system32;C:\WINDOWS;C:\WINDOWS\System32\Wbem;C:\WINDOWS\System32\WindowsPowerShell\v1.0\;C:\Program Files\Intel\Intel(R) Management Engine Components\DAL;C:\Program Files\Intel\Intel(R) Management Engine Components\IPT;C:\Program Files (x86)\Intel\Intel(R) Management Engine Components\DAL;C:\Program Files (x86)\Intel\Intel(R) Management Engine Components\IPT;C:\Program Files\ASUS\Bluetooth Software\;C:\Program Files\ASUS\Bluetooth Software\syswow64;C:\OrCAD\OrCAD_16.6_Lite\OpenAccess\bin\win32\opt;C:\OrCAD\OrCAD_16.6_Lite\tools\pcb\bin;C:\OrCAD\OrCAD_16.6_Lite\tools\fet\bin;C:\OrCAD\OrCAD_16.6_Lite\tools\Capture;C:\OrCAD\OrCAD_16.6_Lite\tools\PSpice;C:\OrCAD\OrCAD_16.6_Lite\tools\specctra\bin;C:\OrCAD\OrCAD_16.6_Lite\tools\bin;;D:\SysGCC\Raspberry\bin;D:\SysGCC\MinGW32\bin;D:\Arduino\java\bin
USERNAME=Admin
OS=Windows_NT
PROCESSOR_IDENTIFIER=Intel64 Family 6 Model 69 Stepping 1, GenuineIntel



---------------  S Y S T E M  ---------------

OS: Windows 10.0 , 64 bit Build 10586 (10.0.10586.0)

CPU:total 4 (2 cores per cpu, 2 threads per core) family 6 model 69 stepping 1, cmov, cx8, fxsr, mmx, sse, sse2, sse3, ssse3, sse4.1, sse4.2, popcnt, avx, avx2, aes, clmul, erms, lzcnt, ht, tsc, tscinvbit, bmi1, bmi2

Memory: 4k page, physical 4074764k(1118840k free), swap 6023572k(2599832k free)

vm_info: Java HotSpot(TM) Client VM (25.66-b17) for windows-x86 JRE (1.8.0_66-b17), built on Oct  6 2015 19:59:47 by "java_re" with MS VC++ 10.0 (VS2010)

time: Mon Apr 18 09:04:56 2016
elapsed time: 251343 seconds (2d 21h 49m 3s)

